<?xml version="1.0" encoding="UTF-8"?>
<Site BuildName="(empty)"
	BuildStamp="20240819-0928-Experimental"
	Name="sithija-rog"
	Generator="ctest-3.22.1"
	CompilerName="/usr/bin/c++"
	CompilerVersion="11.4.0"
	OSName="Linux"
	Hostname="sithija-rog"
	OSRelease="6.8.0-40-generic"
	OSVersion="#40~22.04.3-Ubuntu SMP PREEMPT_DYNAMIC Tue Jul 30 17:30:19 UTC 2"
	OSPlatform="x86_64"
	Is64Bits="1"
	VendorString="AuthenticAMD"
	VendorID="Advanced Micro Devices"
	FamilyID="23"
	ModelID="96"
	ProcessorCacheSize="512"
	NumberOfLogicalCPU="16"
	NumberOfPhysicalCPU="8"
	TotalVirtualMemory="0"
	TotalPhysicalMemory="15403"
	LogicalProcessorsPerPhysical="2"
	ProcessorClockFrequency="4016.73"
	>
	<Testing>
		<StartDateTime>Aug 19 15:25 +0530</StartDateTime>
		<StartTestTime>1724061302</StartTestTime>
		<TestList/>
		<EndDateTime>Aug 19 15:25 +0530</EndDateTime>
		<EndTestTime>1724061302</EndTestTime>
		<ElapsedMinutes>0</ElapsedMinutes>
	</Testing>
</Site>
